[0m22:42:31.195677 [debug] [MainThread]: Sending event: {'category': 'dbt', 'action': 'invocation', 'label': 'start', 'context': [<snowplow_tracker.self_describing_json.SelfDescribingJson object at 0x7f457ecd2f60>, <snowplow_tracker.self_describing_json.SelfDescribingJson object at 0x7f457edea030>, <snowplow_tracker.self_describing_json.SelfDescribingJson object at 0x7f457ecd0cb0>]}


============================== 22:42:31.203169 | 350fa6ba-9b61-47b7-a757-b17e0259489a ==============================
[0m22:42:31.203169 [info ] [MainThread]: Running with dbt=1.9.0
[0m22:42:31.203792 [debug] [MainThread]: running dbt with arguments {'printer_width': '80', 'indirect_selection': 'eager', 'write_json': 'True', 'log_cache_events': 'False', 'partial_parse': 'True', 'cache_selected_only': 'False', 'warn_error': 'None', 'fail_fast': 'False', 'version_check': 'True', 'log_path': 'logs', 'debug': 'False', 'profiles_dir': '/root/.dbt', 'use_colors': 'True', 'use_experimental_parser': 'False', 'no_print': 'None', 'quiet': 'False', 'empty': 'None', 'log_format': 'default', 'invocation_command': 'dbt init dbt_projects', 'static_parser': 'True', 'introspect': 'True', 'target_path': 'None', 'warn_error_options': 'WarnErrorOptions(include=[], exclude=[])', 'send_anonymous_usage_stats': 'True'}
[0m22:42:31.252323 [warn ] [MainThread]: [ConfigFolderDirectory]: Unable to parse logging event dictionary. Failed to parse dir field: expected string or bytes-like object, got 'PosixPath'.. Dictionary: {'dir': PosixPath('/root/.dbt')}
[0m22:42:31.252934 [info ] [MainThread]: Creating dbt configuration folder at 
[0m22:42:31.254995 [debug] [MainThread]: Starter project path: /usr/local/lib/python3.12/site-packages/dbt/include/starter_project
[0m22:42:31.263142 [info ] [MainThread]: 
Your new dbt project "dbt_projects" was created!

For more information on how to configure the profiles.yml file,
please consult the dbt documentation here:

  https://docs.getdbt.com/docs/configure-your-profile

One more thing:

Need help? Don't hesitate to reach out to us via GitHub issues or on Slack:

  https://community.getdbt.com/

Happy modeling!

[0m22:42:31.263581 [info ] [MainThread]: Setting up your profile.
[0m22:44:12.863474 [info ] [MainThread]: Profile dbt_projects written to /root/.dbt/profiles.yml using target's profile_template.yml and your supplied values. Run 'dbt debug' to validate the connection.
[0m22:44:12.864521 [debug] [MainThread]: Resource report: {"command_name": "init", "command_success": true, "command_wall_clock_time": 102.105095, "process_in_blocks": "608", "process_kernel_time": 0.206862, "process_mem_max_rss": "93008", "process_out_blocks": "1544", "process_user_time": 1.300572}
[0m22:44:12.865062 [debug] [MainThread]: Command `dbt init` succeeded at 22:44:12.864945 after 102.11 seconds
[0m22:44:12.865413 [debug] [MainThread]: Sending event: {'category': 'dbt', 'action': 'invocation', 'label': 'end', 'context': [<snowplow_tracker.self_describing_json.SelfDescribingJson object at 0x7f457ef34e00>, <snowplow_tracker.self_describing_json.SelfDescribingJson object at 0x7f457ec0be60>, <snowplow_tracker.self_describing_json.SelfDescribingJson object at 0x7f457ed7c9e0>]}
[0m22:44:12.865777 [debug] [MainThread]: Flushing usage events
[0m22:44:13.613335 [debug] [MainThread]: An error was encountered while trying to flush usage events
[0m22:44:39.716806 [debug] [MainThread]: Sending event: {'category': 'dbt', 'action': 'invocation', 'label': 'start', 'context': [<snowplow_tracker.self_describing_json.SelfDescribingJson object at 0x7fb538ffae10>, <snowplow_tracker.self_describing_json.SelfDescribingJson object at 0x7fb53963e360>, <snowplow_tracker.self_describing_json.SelfDescribingJson object at 0x7fb538ffac60>]}


============================== 22:44:39.723721 | 6c233eb2-b378-4e66-b680-5ca9cf31a9f4 ==============================
[0m22:44:39.723721 [info ] [MainThread]: Running with dbt=1.9.0
[0m22:44:39.724237 [debug] [MainThread]: running dbt with arguments {'printer_width': '80', 'indirect_selection': 'eager', 'write_json': 'True', 'log_cache_events': 'False', 'partial_parse': 'True', 'cache_selected_only': 'False', 'warn_error': 'None', 'debug': 'False', 'version_check': 'True', 'log_path': 'logs', 'fail_fast': 'False', 'profiles_dir': '/root/.dbt', 'use_colors': 'True', 'use_experimental_parser': 'False', 'empty': 'None', 'quiet': 'False', 'no_print': 'None', 'log_format': 'default', 'introspect': 'True', 'invocation_command': 'dbt debug', 'static_parser': 'True', 'target_path': 'None', 'warn_error_options': 'WarnErrorOptions(include=[], exclude=[])', 'send_anonymous_usage_stats': 'True'}
[0m22:44:39.772281 [info ] [MainThread]: dbt version: 1.9.0
[0m22:44:39.772800 [info ] [MainThread]: python version: 3.12.4
[0m22:44:39.773205 [info ] [MainThread]: python path: /usr/local/bin/python
[0m22:44:39.773608 [info ] [MainThread]: os info: Linux-5.15.167.4-microsoft-standard-WSL2-x86_64-with-glibc2.31
[0m22:44:39.774075 [info ] [MainThread]: Using profiles dir at /root/.dbt
[0m22:44:39.774417 [info ] [MainThread]: Using profiles.yml file at /root/.dbt/profiles.yml
[0m22:44:39.774798 [info ] [MainThread]: Using dbt_project.yml file at /usr/app/dbt_project.yml
[0m22:44:39.775228 [info ] [MainThread]: Configuration:
[0m22:44:39.775607 [info ] [MainThread]:   profiles.yml file [[31mERROR not found[0m]
[0m22:44:39.776154 [info ] [MainThread]:   dbt_project.yml file [[31mERROR not found[0m]
[0m22:44:39.776603 [info ] [MainThread]: Required dependencies:
[0m22:44:39.777014 [debug] [MainThread]: Executing "git --help"
[0m22:44:39.779057 [debug] [MainThread]: STDOUT: "b"usage: git [--version] [--help] [-C <path>] [-c <name>=<value>]\n           [--exec-path[=<path>]] [--html-path] [--man-path] [--info-path]\n           [-p | --paginate | -P | --no-pager] [--no-replace-objects] [--bare]\n           [--git-dir=<path>] [--work-tree=<path>] [--namespace=<name>]\n           <command> [<args>]\n\nThese are common Git commands used in various situations:\n\nstart a working area (see also: git help tutorial)\n   clone             Clone a repository into a new directory\n   init              Create an empty Git repository or reinitialize an existing one\n\nwork on the current change (see also: git help everyday)\n   add               Add file contents to the index\n   mv                Move or rename a file, a directory, or a symlink\n   restore           Restore working tree files\n   rm                Remove files from the working tree and from the index\n   sparse-checkout   Initialize and modify the sparse-checkout\n\nexamine the history and state (see also: git help revisions)\n   bisect            Use binary search to find the commit that introduced a bug\n   diff              Show changes between commits, commit and working tree, etc\n   grep              Print lines matching a pattern\n   log               Show commit logs\n   show              Show various types of objects\n   status            Show the working tree status\n\ngrow, mark and tweak your common history\n   branch            List, create, or delete branches\n   commit            Record changes to the repository\n   merge             Join two or more development histories together\n   rebase            Reapply commits on top of another base tip\n   reset             Reset current HEAD to the specified state\n   switch            Switch branches\n   tag               Create, list, delete or verify a tag object signed with GPG\n\ncollaborate (see also: git help workflows)\n   fetch             Download objects and refs from another repository\n   pull              Fetch from and integrate with another repository or a local branch\n   push              Update remote refs along with associated objects\n\n'git help -a' and 'git help -g' list available subcommands and some\nconcept guides. See 'git help <command>' or 'git help <concept>'\nto read about a specific subcommand or concept.\nSee 'git help git' for an overview of the system.\n""
[0m22:44:39.779422 [debug] [MainThread]: STDERR: "b''"
[0m22:44:39.779682 [info ] [MainThread]:  - git [[32mOK found[0m]

[0m22:44:39.780030 [info ] [MainThread]: Connection test skipped since no profile was found
[0m22:44:39.780505 [info ] [MainThread]: [31m2 checks failed:[0m
[0m22:44:39.780886 [info ] [MainThread]: dbt looked for a profiles.yml file in /root/.dbt/profiles.yml, but did
not find one. For more information on configuring your profile, consult the
documentation:

https://docs.getdbt.com/docs/configure-your-profile


[0m22:44:39.781364 [info ] [MainThread]: Project loading failed for the following reason:
 project path </usr/app/dbt_project.yml> not found

[0m22:44:39.782402 [debug] [MainThread]: Resource report: {"command_name": "debug", "command_success": false, "command_wall_clock_time": 0.11382792, "process_in_blocks": "0", "process_kernel_time": 0.141001, "process_mem_max_rss": "87460", "process_out_blocks": "1480", "process_user_time": 1.258945}
[0m22:44:39.782917 [debug] [MainThread]: Command `dbt debug` failed at 22:44:39.782809 after 0.11 seconds
[0m22:44:39.783266 [debug] [MainThread]: Sending event: {'category': 'dbt', 'action': 'invocation', 'label': 'end', 'context': [<snowplow_tracker.self_describing_json.SelfDescribingJson object at 0x7fb538d4bb60>, <snowplow_tracker.self_describing_json.SelfDescribingJson object at 0x7fb539182300>, <snowplow_tracker.self_describing_json.SelfDescribingJson object at 0x7fb539593710>]}
[0m22:44:39.783621 [debug] [MainThread]: Flushing usage events
[0m22:44:40.688907 [debug] [MainThread]: An error was encountered while trying to flush usage events
